WARNING:root:No latest_assembly_versions folder for Blackbird_associated_gemycircularvirus_1
WARNING:root:No latest_assembly_versions folder for Lactococcus_virus_CB19
WARNING:root:No latest_assembly_versions folder for Orthohepevirus_D
WARNING:root:No latest_assembly_versions folder for Propionibacterium_virus_PHL037M02
WARNING:root:No latest_assembly_versions folder for Mammalian_2_bornavirus
WARNING:root:No latest_assembly_versions folder for Mycobacterium_virus_Reprobate
WARNING:root:No latest_assembly_versions folder for Papio_cynocephalus_polyomavirus_2
WARNING:root:No latest_assembly_versions folder for Vibrio_virus_Kappa
WARNING:root:No latest_assembly_versions folder for Papaya_leaf_curl_China_betasatellite
WARNING:root:Cannot find the virus folder: /mirror/ncbi/current/genomes/refseq/viral/annotation_hashes.txt
WARNING:root:Cannot find the virus folder: /mirror/ncbi/current/genomes/refseq/viral/assembly_summary.txt
WARNING:root:Cannot find the virus folder: /mirror/ncbi/current/genomes/refseq/viral/assembly_summary_historical.txt
WARNING:root:No latest_assembly_versions folder for Acinetobacter_phage_vB_AbaP_CEB1
WARNING:root:No latest_assembly_versions folder for Enterobacter_phage_phiKDA1
WARNING:root:No latest_assembly_versions folder for Fitzroy_River_virus
WARNING:root:No latest_assembly_versions folder for Helicoverpa_zea_single_nucleopolyhedrovirus
WARNING:root:No latest_assembly_versions folder for Marine_birnavirus
WARNING:root:No latest_assembly_versions folder for Mint-like_virus
WARNING:root:No latest_assembly_versions folder for Mirafiori_lettuce_big-vein_virus
WARNING:root:No latest_assembly_versions folder for Ostreococcus_virus_OsV5
WARNING:root:No latest_assembly_versions folder for Propionibacterium_phage_PHL064
WARNING:root:No latest_assembly_versions folder for Propionibacterium_phage_PHL067
WARNING:root:No latest_assembly_versions folder for Propionibacterium_phage_PHL114
WARNING:root:No latest_assembly_versions folder for Propionibacterium_phage_PHL117
WARNING:root:No latest_assembly_versions folder for Propionibacterium_phage_PHL151
WARNING:root:No latest_assembly_versions folder for Propionibacterium_phage_PHL308
WARNING:root:No latest_assembly_versions folder for Sweet_potato_leaf_curl_Henanzhengzhou_virus
WARNING:root:No latest_assembly_versions folder for Campylobacter_virus_IBB35
WARNING:root:No latest_assembly_versions folder for Blackbird_associated_gemycircularvirus_1
WARNING:root:No latest_assembly_versions folder for Lactococcus_virus_CB19
WARNING:root:No latest_assembly_versions folder for Orthohepevirus_D
WARNING:root:No latest_assembly_versions folder for Propionibacterium_virus_PHL037M02
WARNING:root:No latest_assembly_versions folder for Mammalian_2_bornavirus
WARNING:root:No latest_assembly_versions folder for Mycobacterium_virus_Reprobate
WARNING:root:No latest_assembly_versions folder for Papio_cynocephalus_polyomavirus_2
WARNING:root:No latest_assembly_versions folder for Vibrio_virus_Kappa
WARNING:root:No latest_assembly_versions folder for Papaya_leaf_curl_China_betasatellite
WARNING:root:Cannot find the virus folder: /mirror/ncbi/current/genomes/refseq/viral/annotation_hashes.txt
WARNING:root:Cannot find the virus folder: /mirror/ncbi/current/genomes/refseq/viral/assembly_summary.txt
WARNING:root:Cannot find the virus folder: /mirror/ncbi/current/genomes/refseq/viral/assembly_summary_historical.txt
